<?xml version="1.0" encoding="UTF-8"?>
<testsuite name="org.gradle.demo.HelloServletFunctionalTest" tests="1" skipped="0" failures="0" errors="0" timestamp="2017-09-23T08:11:40" hostname="XCLIO-PC" time="8.749">
  <properties/>
  <testcase name="sayHello" classname="org.gradle.demo.HelloServletFunctionalTest" time="8.749"/>
  <system-out><![CDATA[]]></system-out>
  <system-err><![CDATA[SLF4J: Failed to load class "org.slf4j.impl.StaticLoggerBinder".
SLF4J: Defaulting to no-operation (NOP) logger implementation
SLF4J: See http://www.slf4j.org/codes.html#StaticLoggerBinder for further details.
Starting ChromeDriver 2.32.498550 (9dec58e66c31bcc53a9ce3c7226f0c1c5810906a) on port 31766
Only local connections are allowed.
9월 23, 2017 5:11:47 오후 org.openqa.selenium.remote.ProtocolHandshake createSession
정보: Detected dialect: OSS
]]></system-err>
</testsuite>
